[debug] [2026-06-29T22:56:45.325Z] ----------------------------------------------------------------------
[debug] [2026-06-29T22:56:45.327Z] Command:       C:\Program Files\nodejs\node.exe C:\Users\drdr-\AppData\Roaming\npm\node_modules\firebase-tools\lib\bin\firebase.js deploy --only hosting
[debug] [2026-06-29T22:56:45.327Z] CLI Version:   15.22.2
[debug] [2026-06-29T22:56:45.327Z] Platform:      win32
[debug] [2026-06-29T22:56:45.327Z] Node Version:  v24.15.0
[debug] [2026-06-29T22:56:45.327Z] Detected Agent: unknown
[debug] [2026-06-29T22:56:45.328Z] Time:          Tue Jun 30 2026 01:56:45 GMT+0300 (التوقيت العربي الرسمي)
[debug] [2026-06-29T22:56:45.328Z] ----------------------------------------------------------------------
[debug] 
[debug] [2026-06-29T22:56:47.034Z] > command requires scopes: ["email","openid","https://www.googleapis.com/auth/cloudplatformprojects.readonly","https://www.googleapis.com/auth/firebase","https://www.googleapis.com/auth/cloud-platform"]
[debug] [2026-06-29T22:56:47.035Z] > authorizing via signed-in user (drdr-10@hotmail.com)
[debug] [2026-06-29T22:56:47.035Z] [iam] checking project ba9it-424c8 for permissions ["firebase.projects.get","firebasehosting.sites.update"]
[debug] [2026-06-29T22:56:47.036Z] Checked if tokens are valid: true, expires at: 1782777272581
[debug] [2026-06-29T22:56:47.037Z] Checked if tokens are valid: true, expires at: 1782777272581
[debug] [2026-06-29T22:56:47.038Z] >>> [apiv2][query] POST https://cloudresourcemanager.googleapis.com/v1/projects/ba9it-424c8:testIamPermissions [none]
[debug] [2026-06-29T22:56:47.038Z] >>> [apiv2][(partial)header] POST https://cloudresourcemanager.googleapis.com/v1/projects/ba9it-424c8:testIamPermissions  x-goog-user-project=ba9it-424c8
[debug] [2026-06-29T22:56:47.038Z] >>> [apiv2][body] POST https://cloudresourcemanager.googleapis.com/v1/projects/ba9it-424c8:testIamPermissions {"permissions":["firebase.projects.get","firebasehosting.sites.update"]}
[debug] [2026-06-29T22:56:47.932Z] <<< [apiv2][status] POST https://cloudresourcemanager.googleapis.com/v1/projects/ba9it-424c8:testIamPermissions 200
[debug] [2026-06-29T22:56:47.932Z] <<< [apiv2][body] POST https://cloudresourcemanager.googleapis.com/v1/projects/ba9it-424c8:testIamPermissions {"permissions":["firebase.projects.get","firebasehosting.sites.update"]}
[debug] [2026-06-29T22:56:47.933Z] Checked if tokens are valid: true, expires at: 1782777272581
[debug] [2026-06-29T22:56:47.933Z] Checked if tokens are valid: true, expires at: 1782777272581
[debug] [2026-06-29T22:56:47.934Z] >>> [apiv2][query] GET https://firebase.googleapis.com/v1beta1/projects/ba9it-424c8 [none]
[debug] [2026-06-29T22:56:48.636Z] <<< [apiv2][status] GET https://firebase.googleapis.com/v1beta1/projects/ba9it-424c8 200
[debug] [2026-06-29T22:56:48.636Z] <<< [apiv2][body] GET https://firebase.googleapis.com/v1beta1/projects/ba9it-424c8 {"projectId":"ba9it-424c8","projectNumber":"884288584494","displayName":"ba9it","name":"projects/ba9it-424c8","resources":{"hostingSite":"ba9it-424c8"},"state":"ACTIVE","labels":{"firebase":"enabled","firebaseworkflows/environment":"production"},"etag":"1_10c2c414-7c72-427f-b6c2-035040db6f72"}
[info] 
[info] === Deploying to 'ba9it-424c8'...
[info] 
[info] i  deploying hosting 
[debug] [2026-06-29T22:56:48.646Z] Checked if tokens are valid: true, expires at: 1782777272581
[debug] [2026-06-29T22:56:48.646Z] Checked if tokens are valid: true, expires at: 1782777272581
[debug] [2026-06-29T22:56:48.646Z] >>> [apiv2][query] GET https://firebasehosting.googleapis.com/v1beta1/projects/ba9it-424c8/sites/ba9it-424c8 [none]
[debug] [2026-06-29T22:56:50.281Z] <<< [apiv2][status] GET https://firebasehosting.googleapis.com/v1beta1/projects/ba9it-424c8/sites/ba9it-424c8 200
[debug] [2026-06-29T22:56:50.281Z] <<< [apiv2][body] GET https://firebasehosting.googleapis.com/v1beta1/projects/ba9it-424c8/sites/ba9it-424c8 {"name":"projects/ba9it-424c8/sites/ba9it-424c8","defaultUrl":"https://ba9it-424c8.web.app","appId":"1:884288584494:web:c8dbbc0c9c3c844c9cd8bf","type":"DEFAULT_SITE"}
[debug] [2026-06-29T22:56:50.290Z] Checked if tokens are valid: true, expires at: 1782777272581
[debug] [2026-06-29T22:56:50.290Z] Checked if tokens are valid: true, expires at: 1782777272581
[debug] [2026-06-29T22:56:50.290Z] >>> [apiv2][query] POST https://firebasehosting.googleapis.com/v1beta1/projects/-/sites/ba9it-424c8/versions [none]
[debug] [2026-06-29T22:56:50.291Z] >>> [apiv2][body] POST https://firebasehosting.googleapis.com/v1beta1/projects/-/sites/ba9it-424c8/versions {"status":"CREATED","labels":{"deployment-tool":"cli-firebase"}}
[debug] [2026-06-29T22:58:36.134Z] ----------------------------------------------------------------------
[debug] [2026-06-29T22:58:36.137Z] Command:       C:\Program Files\nodejs\node.exe C:\Users\drdr-\AppData\Roaming\npm\node_modules\firebase-tools\lib\bin\firebase.js deploy --only hosting
[debug] [2026-06-29T22:58:36.137Z] CLI Version:   15.22.2
[debug] [2026-06-29T22:58:36.137Z] Platform:      win32
[debug] [2026-06-29T22:58:36.137Z] Node Version:  v24.15.0
[debug] [2026-06-29T22:58:36.137Z] Detected Agent: unknown
[debug] [2026-06-29T22:58:36.137Z] Time:          Tue Jun 30 2026 01:58:36 GMT+0300 (التوقيت العربي الرسمي)
[debug] [2026-06-29T22:58:36.137Z] ----------------------------------------------------------------------
[debug] 
[debug] [2026-06-29T22:58:37.766Z] > command requires scopes: ["email","openid","https://www.googleapis.com/auth/cloudplatformprojects.readonly","https://www.googleapis.com/auth/firebase","https://www.googleapis.com/auth/cloud-platform"]
[debug] [2026-06-29T22:58:37.766Z] > authorizing via signed-in user (drdr-10@hotmail.com)
[debug] [2026-06-29T22:58:37.766Z] [iam] checking project ba9it-424c8 for permissions ["firebase.projects.get","firebasehosting.sites.update"]
[debug] [2026-06-29T22:58:37.768Z] Checked if tokens are valid: true, expires at: 1782777272581
[debug] [2026-06-29T22:58:37.768Z] Checked if tokens are valid: true, expires at: 1782777272581
[debug] [2026-06-29T22:58:37.769Z] >>> [apiv2][query] POST https://cloudresourcemanager.googleapis.com/v1/projects/ba9it-424c8:testIamPermissions [none]
[debug] [2026-06-29T22:58:37.769Z] >>> [apiv2][(partial)header] POST https://cloudresourcemanager.googleapis.com/v1/projects/ba9it-424c8:testIamPermissions  x-goog-user-project=ba9it-424c8
[debug] [2026-06-29T22:58:37.769Z] >>> [apiv2][body] POST https://cloudresourcemanager.googleapis.com/v1/projects/ba9it-424c8:testIamPermissions {"permissions":["firebase.projects.get","firebasehosting.sites.update"]}
[debug] [2026-06-29T22:58:38.719Z] <<< [apiv2][status] POST https://cloudresourcemanager.googleapis.com/v1/projects/ba9it-424c8:testIamPermissions 200
[debug] [2026-06-29T22:58:38.719Z] <<< [apiv2][body] POST https://cloudresourcemanager.googleapis.com/v1/projects/ba9it-424c8:testIamPermissions {"permissions":["firebase.projects.get","firebasehosting.sites.update"]}
[debug] [2026-06-29T22:58:38.720Z] Checked if tokens are valid: true, expires at: 1782777272581
[debug] [2026-06-29T22:58:38.720Z] Checked if tokens are valid: true, expires at: 1782777272581
[debug] [2026-06-29T22:58:38.720Z] >>> [apiv2][query] GET https://firebase.googleapis.com/v1beta1/projects/ba9it-424c8 [none]
[debug] [2026-06-29T22:58:39.754Z] <<< [apiv2][status] GET https://firebase.googleapis.com/v1beta1/projects/ba9it-424c8 200
[debug] [2026-06-29T22:58:39.754Z] <<< [apiv2][body] GET https://firebase.googleapis.com/v1beta1/projects/ba9it-424c8 {"projectId":"ba9it-424c8","projectNumber":"884288584494","displayName":"ba9it","name":"projects/ba9it-424c8","resources":{"hostingSite":"ba9it-424c8"},"state":"ACTIVE","labels":{"firebase":"enabled","firebaseworkflows/environment":"production"},"etag":"1_10c2c414-7c72-427f-b6c2-035040db6f72"}
[info] 
[info] === Deploying to 'ba9it-424c8'...
[info] 
[info] i  deploying hosting 
[debug] [2026-06-29T22:58:39.762Z] Checked if tokens are valid: true, expires at: 1782777272581
[debug] [2026-06-29T22:58:39.762Z] Checked if tokens are valid: true, expires at: 1782777272581
[debug] [2026-06-29T22:58:39.763Z] >>> [apiv2][query] GET https://firebasehosting.googleapis.com/v1beta1/projects/ba9it-424c8/sites/ba9it-424c8 [none]
[debug] [2026-06-29T22:58:41.051Z] <<< [apiv2][status] GET https://firebasehosting.googleapis.com/v1beta1/projects/ba9it-424c8/sites/ba9it-424c8 200
[debug] [2026-06-29T22:58:41.052Z] <<< [apiv2][body] GET https://firebasehosting.googleapis.com/v1beta1/projects/ba9it-424c8/sites/ba9it-424c8 {"name":"projects/ba9it-424c8/sites/ba9it-424c8","defaultUrl":"https://ba9it-424c8.web.app","appId":"1:884288584494:web:c8dbbc0c9c3c844c9cd8bf","type":"DEFAULT_SITE"}
[debug] [2026-06-29T22:58:41.061Z] Checked if tokens are valid: true, expires at: 1782777272581
[debug] [2026-06-29T22:58:41.061Z] Checked if tokens are valid: true, expires at: 1782777272581
[debug] [2026-06-29T22:58:41.061Z] >>> [apiv2][query] POST https://firebasehosting.googleapis.com/v1beta1/projects/-/sites/ba9it-424c8/versions [none]
[debug] [2026-06-29T22:58:41.061Z] >>> [apiv2][body] POST https://firebasehosting.googleapis.com/v1beta1/projects/-/sites/ba9it-424c8/versions {"status":"CREATED","labels":{"deployment-tool":"cli-firebase"}}
[debug] [2026-06-29T22:58:43.276Z] <<< [apiv2][status] POST https://firebasehosting.googleapis.com/v1beta1/projects/-/sites/ba9it-424c8/versions 200
[debug] [2026-06-29T22:58:43.276Z] <<< [apiv2][body] POST https://firebasehosting.googleapis.com/v1beta1/projects/-/sites/ba9it-424c8/versions {"name":"projects/884288584494/sites/ba9it-424c8/versions/07a9819a591dbbd3","status":"CREATED","config":{},"labels":{"deployment-tool":"cli-firebase"}}
[info] i  hosting[ba9it-424c8]: beginning deploy... 
[info] i  hosting[ba9it-424c8]: found 8 files in web/dist 
[debug] [2026-06-29T22:58:43.301Z] [hosting] uploading with 200 concurrency
[debug] [2026-06-29T22:58:43.305Z] Checked if tokens are valid: true, expires at: 1782777272581
[debug] [2026-06-29T22:58:43.305Z] Checked if tokens are valid: true, expires at: 1782777272581
[debug] [2026-06-29T22:58:43.312Z] [hosting] hash cache [d2ViXGRpc3Q] stored for 8 files
[debug] [2026-06-29T22:58:43.312Z] [hosting][hash queue][FINAL] {"max":1,"min":0,"avg":0,"active":0,"complete":8,"success":8,"errored":0,"retried":0,"total":8,"elapsed":8}
[debug] [2026-06-29T22:58:43.312Z] >>> [apiv2][query] POST https://firebasehosting.googleapis.com/v1beta1/projects/884288584494/sites/ba9it-424c8/versions/07a9819a591dbbd3:populateFiles [none]
[debug] [2026-06-29T22:58:43.312Z] >>> [apiv2][body] POST https://firebasehosting.googleapis.com/v1beta1/projects/884288584494/sites/ba9it-424c8/versions/07a9819a591dbbd3:populateFiles {"files":{"/index.html":"053fd84268c29e97db9aca33f4a371a174c1d75702ffc144a0a027f08f96af94","/icons.svg":"a71fc7c82918feffdb1e7e59f1b494531849b1025cedc75bc6c0dfa2a941d54d","/favicon.svg":"44fea64ea0b4986cf22dbc28741fe402f021baf13dbd2cc8ce6aa04b24300573","/assets/purify.es-Bu4Grnl0.js":"d4601157c2a7effef30483cb958bfbadc165700ed79edca81f975f0ddd27771c","/assets/index.es-Cr6mpHUS.js":"b86747ca5c3c627c0215927dd043f67d9132046ad493e71e55c4ca834a2d499c","/assets/index-nqMpL4T3.css":"8cb6f42b22b154d18b3c953e8ac144104f82c8fd49eed7d2fde20371f374ef27","/assets/index-Bvo_AcZG.js":"a99d49a1cfbeca7ba17799f7542e145e91d5ff827c9d67303c8f0dc411046210","/assets/html2canvas-CwiA7TG-.js":"bdf373e04f68e2aaa3a78827abf8ae894bbe18c54e8c1fc732e361ee1efcfbdf"}}
[debug] [2026-06-29T22:58:44.248Z] <<< [apiv2][status] POST https://firebasehosting.googleapis.com/v1beta1/projects/884288584494/sites/ba9it-424c8/versions/07a9819a591dbbd3:populateFiles 200
[debug] [2026-06-29T22:58:44.248Z] <<< [apiv2][body] POST https://firebasehosting.googleapis.com/v1beta1/projects/884288584494/sites/ba9it-424c8/versions/07a9819a591dbbd3:populateFiles {"uploadUrl":"https://upload-firebasehosting.googleapis.com/upload/sites/ba9it-424c8/versions/07a9819a591dbbd3/files"}
[debug] [2026-06-29T22:58:44.249Z] [hosting][populate queue][FINAL] {"max":944,"min":944,"avg":944,"active":0,"complete":1,"success":1,"errored":0,"retried":0,"total":1,"elapsed":944}
[debug] [2026-06-29T22:58:44.249Z] [hosting] uploads queued: 0
[debug] [2026-06-29T22:58:44.249Z] [hosting][upload queue][FINAL] {"max":0,"min":9999999999,"avg":0,"active":0,"complete":0,"success":0,"errored":0,"retried":0,"total":0,"elapsed":1782773924249}
[info] +  hosting[ba9it-424c8]: file upload complete 
[debug] [2026-06-29T22:58:44.251Z] [hosting] deploy completed after 970ms
[debug] [2026-06-29T22:58:44.251Z] [
  {
    "config": {
      "public": "web/dist",
      "ignore": [
        "firebase.json",
        "**/.*",
        "**/node_modules/**"
      ],
      "rewrites": [
        {
          "source": "**",
          "destination": "/index.html"
        }
      ],
      "site": "ba9it-424c8"
    },
    "version": "projects/884288584494/sites/ba9it-424c8/versions/07a9819a591dbbd3"
  }
]
[info] i  hosting[ba9it-424c8]: finalizing version... 
[debug] [2026-06-29T22:58:44.255Z] Checked if tokens are valid: true, expires at: 1782777272581
[debug] [2026-06-29T22:58:44.255Z] Checked if tokens are valid: true, expires at: 1782777272581
[debug] [2026-06-29T22:58:44.255Z] >>> [apiv2][query] PATCH https://firebasehosting.googleapis.com/v1beta1/projects/-/sites/ba9it-424c8/versions/07a9819a591dbbd3 updateMask=status%2Cconfig
[debug] [2026-06-29T22:58:44.255Z] >>> [apiv2][body] PATCH https://firebasehosting.googleapis.com/v1beta1/projects/-/sites/ba9it-424c8/versions/07a9819a591dbbd3 {"status":"FINALIZED","config":{"rewrites":[{"glob":"**","path":"/index.html"}]}}
